2022/06/02 04:54:03 [error] 33#33: *19 directory index of "/var/www/" is forbidden, client: 172.21.0.1, server: newhiretest.dev.intuitsolutions-apps.net, request: "GET / HTTP/1.1", host: "newhiretest.dev.intuitsolutions-apps.net"
2022/06/02 04:54:27 [error] 33#33: *19 directory index of "/var/www/" is forbidden, client: 172.21.0.1, server: newhiretest.dev.intuitsolutions-apps.net, request: "GET / HTTP/1.1", host: "newhiretest.dev.intuitsolutions-apps.net"
2022/06/02 04:54:28 [error] 33#33: *19 directory index of "/var/www/" is forbidden, client: 172.21.0.1, server: newhiretest.dev.intuitsolutions-apps.net, request: "GET / HTTP/1.1", host: "newhiretest.dev.intuitsolutions-apps.net"
2022/06/02 04:54:28 [error] 33#33: *19 directory index of "/var/www/" is forbidden, client: 172.21.0.1, server: newhiretest.dev.intuitsolutions-apps.net, request: "GET / HTTP/1.1", host: "newhiretest.dev.intuitsolutions-apps.net"
2022/06/02 04:54:28 [error] 33#33: *19 directory index of "/var/www/" is forbidden, client: 172.21.0.1, server: newhiretest.dev.intuitsolutions-apps.net, request: "GET / HTTP/1.1", host: "newhiretest.dev.intuitsolutions-apps.net"
2022/06/02 04:54:29 [error] 33#33: *19 directory index of "/var/www/" is forbidden, client: 172.21.0.1, server: newhiretest.dev.intuitsolutions-apps.net, request: "GET / HTTP/1.1", host: "newhiretest.dev.intuitsolutions-apps.net"
2022/06/02 04:54:29 [error] 33#33: *19 directory index of "/var/www/" is forbidden, client: 172.21.0.1, server: newhiretest.dev.intuitsolutions-apps.net, request: "GET / HTTP/1.1", host: "newhiretest.dev.intuitsolutions-apps.net"
2022/06/02 04:54:45 [error] 33#33: *19 FastCGI sent in stderr: "PHP message: PHP Warning:  require(../vendor/autoload.php): Failed to open stream: No such file or directory in /var/www/store-info.php on line 3PHP message: PHP Fatal error:  Uncaught Error: Failed opening required '../vendor/autoload.php' (include_path='.:/usr/local/lib/php') in /var/www/store-info.php:3
Stack trace:
#0 {main}
  thrown in /var/www/store-info.php on line 3" while reading response header from upstream, client: 172.21.0.1, server: newhiretest.dev.intuitsolutions-apps.net, request: "GET /store-info.php HTTP/1.1", upstream: "fastcgi://172.21.0.3:9000", host: "newhiretest.dev.intuitsolutions-apps.net"
2022/06/02 04:54:45 [error] 33#33: *19 FastCGI sent in stderr: "PHP message: PHP Warning:  require(../vendor/autoload.php): Failed to open stream: No such file or directory in /var/www/store-info.php on line 3PHP message: PHP Fatal error:  Uncaught Error: Failed opening required '../vendor/autoload.php' (include_path='.:/usr/local/lib/php') in /var/www/store-info.php:3
Stack trace:
#0 {main}
  thrown in /var/www/store-info.php on line 3" while reading response header from upstream, client: 172.21.0.1, server: newhiretest.dev.intuitsolutions-apps.net, request: "GET /store-info.php HTTP/1.1", upstream: "fastcgi://172.21.0.3:9000", host: "newhiretest.dev.intuitsolutions-apps.net"
2022/06/02 04:55:07 [error] 33#33: *19 FastCGI sent in stderr: "PHP message: PHP Warning:  require(../vendor/autoload.php): Failed to open stream: No such file or directory in /var/www/store-info.php on line 3PHP message: PHP Fatal error:  Uncaught Error: Failed opening required '../vendor/autoload.php' (include_path='.:/usr/local/lib/php') in /var/www/store-info.php:3
Stack trace:
#0 {main}
  thrown in /var/www/store-info.php on line 3" while reading response header from upstream, client: 172.21.0.1, server: newhiretest.dev.intuitsolutions-apps.net, request: "GET /store-info.php HTTP/1.1", upstream: "fastcgi://172.21.0.3:9000", host: "newhiretest.dev.intuitsolutions-apps.net"
2022/06/02 04:55:08 [error] 33#33: *19 FastCGI sent in stderr: "PHP message: PHP Warning:  require(../vendor/autoload.php): Failed to open stream: No such file or directory in /var/www/store-info.php on line 3PHP message: PHP Fatal error:  Uncaught Error: Failed opening required '../vendor/autoload.php' (include_path='.:/usr/local/lib/php') in /var/www/store-info.php:3
Stack trace:
#0 {main}
  thrown in /var/www/store-info.php on line 3" while reading response header from upstream, client: 172.21.0.1, server: newhiretest.dev.intuitsolutions-apps.net, request: "GET /store-info.php HTTP/1.1", upstream: "fastcgi://172.21.0.3:9000", host: "newhiretest.dev.intuitsolutions-apps.net"
2022/06/02 04:55:08 [error] 33#33: *19 FastCGI sent in stderr: "PHP message: PHP Warning:  require(../vendor/autoload.php): Failed to open stream: No such file or directory in /var/www/store-info.php on line 3PHP message: PHP Fatal error:  Uncaught Error: Failed opening required '../vendor/autoload.php' (include_path='.:/usr/local/lib/php') in /var/www/store-info.php:3
Stack trace:
#0 {main}
  thrown in /var/www/store-info.php on line 3" while reading response header from upstream, client: 172.21.0.1, server: newhiretest.dev.intuitsolutions-apps.net, request: "GET /store-info.php HTTP/1.1", upstream: "fastcgi://172.21.0.3:9000", host: "newhiretest.dev.intuitsolutions-apps.net"
2022/06/02 04:55:09 [error] 33#33: *19 FastCGI sent in stderr: "PHP message: PHP Warning:  require(../vendor/autoload.php): Failed to open stream: No such file or directory in /var/www/store-info.php on line 3PHP message: PHP Fatal error:  Uncaught Error: Failed opening required '../vendor/autoload.php' (include_path='.:/usr/local/lib/php') in /var/www/store-info.php:3
Stack trace:
#0 {main}
  thrown in /var/www/store-info.php on line 3" while reading response header from upstream, client: 172.21.0.1, server: newhiretest.dev.intuitsolutions-apps.net, request: "GET /store-info.php HTTP/1.1", upstream: "fastcgi://172.21.0.3:9000", host: "newhiretest.dev.intuitsolutions-apps.net"
2022/06/02 04:55:09 [error] 33#33: *19 FastCGI sent in stderr: "PHP message: PHP Warning:  require(../vendor/autoload.php): Failed to open stream: No such file or directory in /var/www/store-info.php on line 3PHP message: PHP Fatal error:  Uncaught Error: Failed opening required '../vendor/autoload.php' (include_path='.:/usr/local/lib/php') in /var/www/store-info.php:3
Stack trace:
#0 {main}
  thrown in /var/www/store-info.php on line 3" while reading response header from upstream, client: 172.21.0.1, server: newhiretest.dev.intuitsolutions-apps.net, request: "GET /store-info.php HTTP/1.1", upstream: "fastcgi://172.21.0.3:9000", host: "newhiretest.dev.intuitsolutions-apps.net"
2022/06/02 04:55:09 [error] 33#33: *19 FastCGI sent in stderr: "PHP message: PHP Warning:  require(../vendor/autoload.php): Failed to open stream: No such file or directory in /var/www/store-info.php on line 3PHP message: PHP Fatal error:  Uncaught Error: Failed opening required '../vendor/autoload.php' (include_path='.:/usr/local/lib/php') in /var/www/store-info.php:3
Stack trace:
#0 {main}
  thrown in /var/www/store-info.php on line 3" while reading response header from upstream, client: 172.21.0.1, server: newhiretest.dev.intuitsolutions-apps.net, request: "GET /store-info.php HTTP/1.1", upstream: "fastcgi://172.21.0.3:9000", host: "newhiretest.dev.intuitsolutions-apps.net"
2022/06/02 04:56:05 [error] 33#33: *19 FastCGI sent in stderr: "PHP message: PHP Warning:  Undefined array key "BIGCOMMERCE_STORE" in /var/www/store-info.php on line 5PHP message: PHP Warning:  Undefined array key "BIGCOMMERCE_TOKEN" in /var/www/store-info.php on line 5PHP message: PHP Warning:  Undefined array key "BIGCOMMERCE_CLIENT_ID" in /var/www/store-info.php on line 5PHP message: PHP Warning:  Undefined array key "DATABASE_HOST" in /var/www/store-info.php on line 9PHP message: PHP Warning:  Undefined array key "DATABASE_USER" in /var/www/store-info.php on line 9PHP message: PHP Warning:  Undefined array key "DATABASE_PASS" in /var/www/store-info.php on line 9PHP message: PHP Warning:  Undefined array key "DATABASE_NAME" in /var/www/store-info.php on line 9PHP message: PHP Warning:  Undefined array key "DATABASE_PORT" in /var/www/store-info.php on line 9PHP message: PHP Warning:  mysqli::__construct(): (HY000/2002): No such file or directory in /var/www/store-info.php on line 9" while reading response header from upstream, client: 172.21.0.1, server: newhiretest.dev.intuitsolutions-apps.net, request: "GET /store-info.php HTTP/1.1", upstream: "fastcgi://172.21.0.3:9000", host: "newhiretest.dev.intuitsolutions-apps.net"
2022/06/02 04:56:28 [error] 33#33: *19 FastCGI sent in stderr: "PHP message: PHP Parse error:  Unmatched ')' in /var/www/store-info.php on line 5" while reading response header from upstream, client: 172.21.0.1, server: newhiretest.dev.intuitsolutions-apps.net, request: "GET /store-info.php HTTP/1.1", upstream: "fastcgi://172.21.0.3:9000", host: "newhiretest.dev.intuitsolutions-apps.net"
2022/06/02 04:56:38 [error] 33#33: *19 FastCGI sent in stderr: "PHP message: PHP Warning:  Undefined array key "BIGCOMMERCE_CLIENT_ID" in /var/www/store-info.php on line 5" while reading upstream, client: 172.21.0.1, server: newhiretest.dev.intuitsolutions-apps.net, request: "GET /store-info.php HTTP/1.1", upstream: "fastcgi://172.21.0.3:9000", host: "newhiretest.dev.intuitsolutions-apps.net"
2022/06/02 04:56:40 [error] 33#33: *19 FastCGI sent in stderr: "PHP message: PHP Warning:  Undefined array key "BIGCOMMERCE_CLIENT_ID" in /var/www/store-info.php on line 5" while reading upstream, client: 172.21.0.1, server: newhiretest.dev.intuitsolutions-apps.net, request: "GET /store-info.php HTTP/1.1", upstream: "fastcgi://172.21.0.3:9000", host: "newhiretest.dev.intuitsolutions-apps.net"
2022/06/02 04:56:40 [error] 33#33: *19 FastCGI sent in stderr: "PHP message: PHP Warning:  Undefined array key "BIGCOMMERCE_CLIENT_ID" in /var/www/store-info.php on line 5" while reading upstream, client: 172.21.0.1, server: newhiretest.dev.intuitsolutions-apps.net, request: "GET /store-info.php HTTP/1.1", upstream: "fastcgi://172.21.0.3:9000", host: "newhiretest.dev.intuitsolutions-apps.net"
2022/06/02 04:57:29 [error] 33#33: *19 FastCGI sent in stderr: "PHP message: PHP Warning:  Undefined array key "BIGCOMMERCE_CLIENT_ID" in /var/www/store-info.php on line 5" while reading upstream, client: 172.21.0.1, server: newhiretest.dev.intuitsolutions-apps.net, request: "GET /store-info.php HTTP/1.1", upstream: "fastcgi://172.21.0.3:9000", host: "newhiretest.dev.intuitsolutions-apps.net"
2022/06/02 04:57:30 [error] 33#33: *19 FastCGI sent in stderr: "PHP message: PHP Warning:  Undefined array key "BIGCOMMERCE_CLIENT_ID" in /var/www/store-info.php on line 5" while reading upstream, client: 172.21.0.1, server: newhiretest.dev.intuitsolutions-apps.net, request: "GET /store-info.php HTTP/1.1", upstream: "fastcgi://172.21.0.3:9000", host: "newhiretest.dev.intuitsolutions-apps.net"
2022/06/02 04:57:30 [error] 33#33: *19 FastCGI sent in stderr: "PHP message: PHP Warning:  Undefined array key "BIGCOMMERCE_CLIENT_ID" in /var/www/store-info.php on line 5" while reading upstream, client: 172.21.0.1, server: newhiretest.dev.intuitsolutions-apps.net, request: "GET /store-info.php HTTP/1.1", upstream: "fastcgi://172.21.0.3:9000", host: "newhiretest.dev.intuitsolutions-apps.net"
2022/06/02 04:57:30 [error] 33#33: *19 FastCGI sent in stderr: "PHP message: PHP Warning:  Undefined array key "BIGCOMMERCE_CLIENT_ID" in /var/www/store-info.php on line 5" while reading upstream, client: 172.21.0.1, server: newhiretest.dev.intuitsolutions-apps.net, request: "GET /store-info.php HTTP/1.1", upstream: "fastcgi://172.21.0.3:9000", host: "newhiretest.dev.intuitsolutions-apps.net"
2022/06/02 04:57:31 [error] 33#33: *19 FastCGI sent in stderr: "PHP message: PHP Warning:  Undefined array key "BIGCOMMERCE_CLIENT_ID" in /var/www/store-info.php on line 5" while reading upstream, client: 172.21.0.1, server: newhiretest.dev.intuitsolutions-apps.net, request: "GET /store-info.php HTTP/1.1", upstream: "fastcgi://172.21.0.3:9000", host: "newhiretest.dev.intuitsolutions-apps.net"
2022/06/02 04:58:56 [error] 24#24: *83 FastCGI sent in stderr: "PHP message: PHP Warning:  Undefined array key "BIGCOMMERCE_STORE" in /var/www/store-info.php on line 10PHP message: PHP Warning:  Undefined array key "BIGCOMMERCE_TOKEN" in /var/www/store-info.php on line 10PHP message: PHP Warning:  Undefined array key "BIGCOMMERCE_CLIENT_ID" in /var/www/store-info.php on line 10PHP message: PHP Warning:  Undefined array key "DATABASE_HOST" in /var/www/store-info.php on line 14PHP message: PHP Warning:  Undefined array key "DATABASE_USER" in /var/www/store-info.php on line 14PHP message: PHP Warning:  Undefined array key "DATABASE_PASS" in /var/www/store-info.php on line 14PHP message: PHP Warning:  Undefined array key "DATABASE_NAME" in /var/www/store-info.php on line 14PHP message: PHP Warning:  Undefined array key "DATABASE_PORT" in /var/www/store-info.php on line 14PHP message: PHP Warning:  mysqli::__construct(): (HY000/2002): No such file or directory in /var/www/store-info.php on line 14" while reading response header from upstream, client: 172.21.0.1, server: newhiretest.dev.intuitsolutions-apps.net, request: "GET /store-info.php HTTP/1.1", upstream: "fastcgi://172.21.0.3:9000", host: "newhiretest.dev.intuitsolutions-apps.net"
2022/06/02 04:58:58 [error] 24#24: *83 FastCGI sent in stderr: "PHP message: PHP Warning:  Undefined array key "BIGCOMMERCE_STORE" in /var/www/store-info.php on line 10PHP message: PHP Warning:  Undefined array key "BIGCOMMERCE_TOKEN" in /var/www/store-info.php on line 10PHP message: PHP Warning:  Undefined array key "BIGCOMMERCE_CLIENT_ID" in /var/www/store-info.php on line 10PHP message: PHP Warning:  Undefined array key "DATABASE_HOST" in /var/www/store-info.php on line 14PHP message: PHP Warning:  Undefined array key "DATABASE_USER" in /var/www/store-info.php on line 14PHP message: PHP Warning:  Undefined array key "DATABASE_PASS" in /var/www/store-info.php on line 14PHP message: PHP Warning:  Undefined array key "DATABASE_NAME" in /var/www/store-info.php on line 14PHP message: PHP Warning:  Undefined array key "DATABASE_PORT" in /var/www/store-info.php on line 14PHP message: PHP Warning:  mysqli::__construct(): (HY000/2002): No such file or directory in /var/www/store-info.php on line 14" while reading response header from upstream, client: 172.21.0.1, server: newhiretest.dev.intuitsolutions-apps.net, request: "GET /store-info.php HTTP/1.1", upstream: "fastcgi://172.21.0.3:9000", host: "newhiretest.dev.intuitsolutions-apps.net"
2022/06/02 04:59:09 [error] 24#24: *83 FastCGI sent in stderr: "PHP message: PHP Warning:  Undefined array key "BIGCOMMERCE_STORE" in /var/www/store-info.php on line 10PHP message: PHP Warning:  Undefined array key "BIGCOMMERCE_TOKEN" in /var/www/store-info.php on line 10PHP message: PHP Warning:  Undefined array key "BIGCOMMERCE_CLIENT_ID" in /var/www/store-info.php on line 10" while reading response header from upstream, client: 172.21.0.1, server: newhiretest.dev.intuitsolutions-apps.net, request: "GET /store-info.php HTTP/1.1", upstream: "fastcgi://172.21.0.3:9000", host: "newhiretest.dev.intuitsolutions-apps.net"
2022/06/02 05:00:55 [error] 24#24: *91 FastCGI sent in stderr: "PHP message: PHP Warning:  Undefined array key "BIGCOMMERCE_STORE" in /var/www/store-info.php on line 10PHP message: PHP Warning:  Undefined array key "BIGCOMMERCE_TOKEN" in /var/www/store-info.php on line 10PHP message: PHP Warning:  Undefined array key "BIGCOMMERCE_CLIENT_ID" in /var/www/store-info.php on line 10" while reading response header from upstream, client: 172.21.0.1, server: newhiretest.dev.intuitsolutions-apps.net, request: "GET /store-info.php HTTP/1.1", upstream: "fastcgi://172.21.0.3:9000", host: "newhiretest.dev.intuitsolutions-apps.net"
2022/06/02 05:00:56 [error] 24#24: *91 FastCGI sent in stderr: "PHP message: PHP Warning:  Undefined array key "BIGCOMMERCE_STORE" in /var/www/store-info.php on line 10PHP message: PHP Warning:  Undefined array key "BIGCOMMERCE_TOKEN" in /var/www/store-info.php on line 10PHP message: PHP Warning:  Undefined array key "BIGCOMMERCE_CLIENT_ID" in /var/www/store-info.php on line 10" while reading response header from upstream, client: 172.21.0.1, server: newhiretest.dev.intuitsolutions-apps.net, request: "GET /store-info.php HTTP/1.1", upstream: "fastcgi://172.21.0.3:9000", host: "newhiretest.dev.intuitsolutions-apps.net"
2022/06/02 05:00:56 [error] 24#24: *91 FastCGI sent in stderr: "PHP message: PHP Warning:  Undefined array key "BIGCOMMERCE_STORE" in /var/www/store-info.php on line 10PHP message: PHP Warning:  Undefined array key "BIGCOMMERCE_TOKEN" in /var/www/store-info.php on line 10PHP message: PHP Warning:  Undefined array key "BIGCOMMERCE_CLIENT_ID" in /var/www/store-info.php on line 10" while reading response header from upstream, client: 172.21.0.1, server: newhiretest.dev.intuitsolutions-apps.net, request: "GET /store-info.php HTTP/1.1", upstream: "fastcgi://172.21.0.3:9000", host: "newhiretest.dev.intuitsolutions-apps.net"
2022/06/02 05:00:56 [error] 24#24: *91 FastCGI sent in stderr: "PHP message: PHP Warning:  Undefined array key "BIGCOMMERCE_STORE" in /var/www/store-info.php on line 10PHP message: PHP Warning:  Undefined array key "BIGCOMMERCE_TOKEN" in /var/www/store-info.php on line 10PHP message: PHP Warning:  Undefined array key "BIGCOMMERCE_CLIENT_ID" in /var/www/store-info.php on line 10" while reading response header from upstream, client: 172.21.0.1, server: newhiretest.dev.intuitsolutions-apps.net, request: "GET /store-info.php HTTP/1.1", upstream: "fastcgi://172.21.0.3:9000", host: "newhiretest.dev.intuitsolutions-apps.net"
2022/06/02 05:00:56 [error] 24#24: *91 FastCGI sent in stderr: "PHP message: PHP Warning:  Undefined array key "BIGCOMMERCE_STORE" in /var/www/store-info.php on line 10PHP message: PHP Warning:  Undefined array key "BIGCOMMERCE_TOKEN" in /var/www/store-info.php on line 10PHP message: PHP Warning:  Undefined array key "BIGCOMMERCE_CLIENT_ID" in /var/www/store-info.php on line 10" while reading response header from upstream, client: 172.21.0.1, server: newhiretest.dev.intuitsolutions-apps.net, request: "GET /store-info.php HTTP/1.1", upstream: "fastcgi://172.21.0.3:9000", host: "newhiretest.dev.intuitsolutions-apps.net"
2022/06/02 05:00:57 [error] 24#24: *91 FastCGI sent in stderr: "PHP message: PHP Warning:  Undefined array key "BIGCOMMERCE_STORE" in /var/www/store-info.php on line 10PHP message: PHP Warning:  Undefined array key "BIGCOMMERCE_TOKEN" in /var/www/store-info.php on line 10PHP message: PHP Warning:  Undefined array key "BIGCOMMERCE_CLIENT_ID" in /var/www/store-info.php on line 10" while reading response header from upstream, client: 172.21.0.1, server: newhiretest.dev.intuitsolutions-apps.net, request: "GET /store-info.php HTTP/1.1", upstream: "fastcgi://172.21.0.3:9000", host: "newhiretest.dev.intuitsolutions-apps.net"
2022/06/02 05:00:57 [error] 24#24: *91 FastCGI sent in stderr: "PHP message: PHP Warning:  Undefined array key "BIGCOMMERCE_STORE" in /var/www/store-info.php on line 10PHP message: PHP Warning:  Undefined array key "BIGCOMMERCE_TOKEN" in /var/www/store-info.php on line 10PHP message: PHP Warning:  Undefined array key "BIGCOMMERCE_CLIENT_ID" in /var/www/store-info.php on line 10" while reading response header from upstream, client: 172.21.0.1, server: newhiretest.dev.intuitsolutions-apps.net, request: "GET /store-info.php HTTP/1.1", upstream: "fastcgi://172.21.0.3:9000", host: "newhiretest.dev.intuitsolutions-apps.net"
2022/06/02 05:01:04 [error] 24#24: *91 FastCGI sent in stderr: "PHP message: PHP Warning:  Undefined array key "BIGCOMMERCE_STORE" in /var/www/store-info.php on line 10PHP message: PHP Warning:  Undefined array key "BIGCOMMERCE_TOKEN" in /var/www/store-info.php on line 10PHP message: PHP Warning:  Undefined array key "BIGCOMMERCE_CLIENT_ID" in /var/www/store-info.php on line 10" while reading response header from upstream, client: 172.21.0.1, server: newhiretest.dev.intuitsolutions-apps.net, request: "GET /store-info.php HTTP/1.1", upstream: "fastcgi://172.21.0.3:9000", host: "newhiretest.dev.intuitsolutions-apps.net"
2022/06/02 05:01:06 [error] 24#24: *91 FastCGI sent in stderr: "PHP message: PHP Warning:  Undefined array key "BIGCOMMERCE_STORE" in /var/www/store-info.php on line 10PHP message: PHP Warning:  Undefined array key "BIGCOMMERCE_TOKEN" in /var/www/store-info.php on line 10PHP message: PHP Warning:  Undefined array key "BIGCOMMERCE_CLIENT_ID" in /var/www/store-info.php on line 10" while reading response header from upstream, client: 172.21.0.1, server: newhiretest.dev.intuitsolutions-apps.net, request: "GET /store-info.php HTTP/1.1", upstream: "fastcgi://172.21.0.3:9000", host: "newhiretest.dev.intuitsolutions-apps.net"
2022/06/02 05:01:06 [error] 24#24: *91 FastCGI sent in stderr: "PHP message: PHP Warning:  Undefined array key "BIGCOMMERCE_STORE" in /var/www/store-info.php on line 10PHP message: PHP Warning:  Undefined array key "BIGCOMMERCE_TOKEN" in /var/www/store-info.php on line 10PHP message: PHP Warning:  Undefined array key "BIGCOMMERCE_CLIENT_ID" in /var/www/store-info.php on line 10" while reading response header from upstream, client: 172.21.0.1, server: newhiretest.dev.intuitsolutions-apps.net, request: "GET /store-info.php HTTP/1.1", upstream: "fastcgi://172.21.0.3:9000", host: "newhiretest.dev.intuitsolutions-apps.net"
2022/06/02 05:01:08 [error] 24#24: *91 FastCGI sent in stderr: "PHP message: PHP Warning:  Undefined array key "BIGCOMMERCE_STORE" in /var/www/store-info.php on line 10PHP message: PHP Warning:  Undefined array key "BIGCOMMERCE_TOKEN" in /var/www/store-info.php on line 10PHP message: PHP Warning:  Undefined array key "BIGCOMMERCE_CLIENT_ID" in /var/www/store-info.php on line 10" while reading response header from upstream, client: 172.21.0.1, server: newhiretest.dev.intuitsolutions-apps.net, request: "GET /store-info.php HTTP/1.1", upstream: "fastcgi://172.21.0.3:9000", host: "newhiretest.dev.intuitsolutions-apps.net"
2022/06/02 05:01:13 [error] 24#24: *91 FastCGI sent in stderr: "PHP message: PHP Warning:  Undefined array key "BIGCOMMERCE_STORE" in /var/www/store-info.php on line 10PHP message: PHP Warning:  Undefined array key "BIGCOMMERCE_TOKEN" in /var/www/store-info.php on line 10PHP message: PHP Warning:  Undefined array key "BIGCOMMERCE_CLIENT_ID" in /var/www/store-info.php on line 10PHP message: PHP Warning:  Undefined array key "DATABASE_HOST" in /var/www/store-info.php on line 16PHP message: PHP Warning:  Undefined array key "DATABASE_USER" in /var/www/store-info.php on line 16PHP message: PHP Warning:  Undefined array key "DATABASE_PASS" in /var/www/store-info.php on line 16PHP message: PHP Warning:  Undefined array key "DATABASE_NAME" in /var/www/store-info.php on line 16PHP message: PHP Warning:  Undefined array key "DATABASE_PORT" in /var/www/store-info.php on line 16PHP message: PHP Warning:  mysqli::__construct(): (HY000/2002): No such file or directory in /var/www/store-info.php on line 16" while reading response header from upstream, client: 172.21.0.1, server: newhiretest.dev.intuitsolutions-apps.net, request: "GET /store-info.php HTTP/1.1", upstream: "fastcgi://172.21.0.3:9000", host: "newhiretest.dev.intuitsolutions-apps.net"
2022/06/02 05:01:15 [error] 24#24: *91 FastCGI sent in stderr: "PHP message: PHP Warning:  Undefined array key "BIGCOMMERCE_STORE" in /var/www/store-info.php on line 10PHP message: PHP Warning:  Undefined array key "BIGCOMMERCE_TOKEN" in /var/www/store-info.php on line 10PHP message: PHP Warning:  Undefined array key "BIGCOMMERCE_CLIENT_ID" in /var/www/store-info.php on line 10PHP message: PHP Warning:  Undefined array key "DATABASE_HOST" in /var/www/store-info.php on line 16PHP message: PHP Warning:  Undefined array key "DATABASE_USER" in /var/www/store-info.php on line 16PHP message: PHP Warning:  Undefined array key "DATABASE_PASS" in /var/www/store-info.php on line 16PHP message: PHP Warning:  Undefined array key "DATABASE_NAME" in /var/www/store-info.php on line 16PHP message: PHP Warning:  Undefined array key "DATABASE_PORT" in /var/www/store-info.php on line 16PHP message: PHP Warning:  mysqli::__construct(): (HY000/2002): No such file or directory in /var/www/store-info.php on line 16" while reading response header from upstream, client: 172.21.0.1, server: newhiretest.dev.intuitsolutions-apps.net, request: "GET /store-info.php HTTP/1.1", upstream: "fastcgi://172.21.0.3:9000", host: "newhiretest.dev.intuitsolutions-apps.net"
2022/06/02 05:01:53 [error] 24#24: *91 FastCGI sent in stderr: "PHP message: PHP Warning:  Undefined array key "BIGCOMMERCE_STORE" in /var/www/store-info.php on line 10PHP message: PHP Warning:  Undefined array key "BIGCOMMERCE_TOKEN" in /var/www/store-info.php on line 10PHP message: PHP Warning:  Undefined array key "BIGCOMMERCE_CLIENT_ID" in /var/www/store-info.php on line 10PHP message: PHP Warning:  Undefined array key "DATABASE_HOST" in /var/www/store-info.php on line 16PHP message: PHP Warning:  Undefined array key "DATABASE_USER" in /var/www/store-info.php on line 16PHP message: PHP Warning:  Undefined array key "DATABASE_PASS" in /var/www/store-info.php on line 16PHP message: PHP Warning:  Undefined array key "DATABASE_NAME" in /var/www/store-info.php on line 16PHP message: PHP Warning:  Undefined array key "DATABASE_PORT" in /var/www/store-info.php on line 16PHP message: PHP Warning:  mysqli::__construct(): (HY000/2002): No such file or directory in /var/www/store-info.php on line 16" while reading response header from upstream, client: 172.21.0.1, server: newhiretest.dev.intuitsolutions-apps.net, request: "GET /store-info.php HTTP/1.1", upstream: "fastcgi://172.21.0.3:9000", host: "newhiretest.dev.intuitsolutions-apps.net"
2022/06/02 05:01:54 [error] 24#24: *91 FastCGI sent in stderr: "PHP message: PHP Warning:  Undefined array key "BIGCOMMERCE_STORE" in /var/www/store-info.php on line 10PHP message: PHP Warning:  Undefined array key "BIGCOMMERCE_TOKEN" in /var/www/store-info.php on line 10PHP message: PHP Warning:  Undefined array key "BIGCOMMERCE_CLIENT_ID" in /var/www/store-info.php on line 10PHP message: PHP Warning:  Undefined array key "DATABASE_HOST" in /var/www/store-info.php on line 16PHP message: PHP Warning:  Undefined array key "DATABASE_USER" in /var/www/store-info.php on line 16PHP message: PHP Warning:  Undefined array key "DATABASE_PASS" in /var/www/store-info.php on line 16PHP message: PHP Warning:  Undefined array key "DATABASE_NAME" in /var/www/store-info.php on line 16PHP message: PHP Warning:  Undefined array key "DATABASE_PORT" in /var/www/store-info.php on line 16PHP message: PHP Warning:  mysqli::__construct(): (HY000/2002): No such file or directory in /var/www/store-info.php on line 16" while reading response header from upstream, client: 172.21.0.1, server: newhiretest.dev.intuitsolutions-apps.net, request: "GET /store-info.php HTTP/1.1", upstream: "fastcgi://172.21.0.3:9000", host: "newhiretest.dev.intuitsolutions-apps.net"
2022/06/02 05:01:55 [error] 24#24: *91 FastCGI sent in stderr: "PHP message: PHP Warning:  Undefined array key "BIGCOMMERCE_STORE" in /var/www/store-info.php on line 10PHP message: PHP Warning:  Undefined array key "BIGCOMMERCE_TOKEN" in /var/www/store-info.php on line 10PHP message: PHP Warning:  Undefined array key "BIGCOMMERCE_CLIENT_ID" in /var/www/store-info.php on line 10PHP message: PHP Warning:  Undefined array key "DATABASE_HOST" in /var/www/store-info.php on line 16PHP message: PHP Warning:  Undefined array key "DATABASE_USER" in /var/www/store-info.php on line 16PHP message: PHP Warning:  Undefined array key "DATABASE_PASS" in /var/www/store-info.php on line 16PHP message: PHP Warning:  Undefined array key "DATABASE_NAME" in /var/www/store-info.php on line 16PHP message: PHP Warning:  Undefined array key "DATABASE_PORT" in /var/www/store-info.php on line 16PHP message: PHP Warning:  mysqli::__construct(): (HY000/2002): No such file or directory in /var/www/store-info.php on line 16" while reading response header from upstream, client: 172.21.0.1, server: newhiretest.dev.intuitsolutions-apps.net, request: "GET /store-info.php HTTP/1.1", upstream: "fastcgi://172.21.0.3:9000", host: "newhiretest.dev.intuitsolutions-apps.net"
2022/06/02 05:01:56 [error] 26#26: *127 FastCGI sent in stderr: "PHP message: PHP Warning:  Undefined array key "BIGCOMMERCE_STORE" in /var/www/store-info.php on line 10PHP message: PHP Warning:  Undefined array key "BIGCOMMERCE_TOKEN" in /var/www/store-info.php on line 10PHP message: PHP Warning:  Undefined array key "BIGCOMMERCE_CLIENT_ID" in /var/www/store-info.php on line 10PHP message: PHP Warning:  Undefined array key "DATABASE_HOST" in /var/www/store-info.php on line 16PHP message: PHP Warning:  Undefined array key "DATABASE_USER" in /var/www/store-info.php on line 16PHP message: PHP Warning:  Undefined array key "DATABASE_PASS" in /var/www/store-info.php on line 16PHP message: PHP Warning:  Undefined array key "DATABASE_NAME" in /var/www/store-info.php on line 16PHP message: PHP Warning:  Undefined array key "DATABASE_PORT" in /var/www/store-info.php on line 16PHP message: PHP Warning:  mysqli::__construct(): (HY000/2002): No such file or directory in /var/www/store-info.php on line 16" while reading response header from upstream, client: 172.21.0.1, server: newhiretest.dev.intuitsolutions-apps.net, request: "GET /store-info.php HTTP/1.1", upstream: "fastcgi://172.21.0.3:9000", host: "newhiretest.dev.intuitsolutions-apps.net"
2022/06/02 05:06:56 [error] 26#26: *131 FastCGI sent in stderr: "PHP message: PHP Warning:  Undefined array key "BIGCOMMERCE_STORE" in /var/www/store-info.php on line 10PHP message: PHP Warning:  Undefined array key "BIGCOMMERCE_TOKEN" in /var/www/store-info.php on line 10PHP message: PHP Warning:  Undefined array key "BIGCOMMERCE_CLIENT_ID" in /var/www/store-info.php on line 10" while reading response header from upstream, client: 172.21.0.1, server: newhiretest.dev.intuitsolutions-apps.net, request: "GET /store-info.php HTTP/1.1", upstream: "fastcgi://172.21.0.3:9000", host: "newhiretest.dev.intuitsolutions-apps.net"
2022/06/02 05:06:59 [error] 26#26: *131 FastCGI sent in stderr: "PHP message: PHP Warning:  Undefined array key "BIGCOMMERCE_STORE" in /var/www/store-info.php on line 10PHP message: PHP Warning:  Undefined array key "BIGCOMMERCE_TOKEN" in /var/www/store-info.php on line 10PHP message: PHP Warning:  Undefined array key "BIGCOMMERCE_CLIENT_ID" in /var/www/store-info.php on line 10" while reading response header from upstream, client: 172.21.0.1, server: newhiretest.dev.intuitsolutions-apps.net, request: "GET /store-info.php HTTP/1.1", upstream: "fastcgi://172.21.0.3:9000", host: "newhiretest.dev.intuitsolutions-apps.net"
2022/06/02 05:07:00 [error] 26#26: *131 FastCGI sent in stderr: "PHP message: PHP Warning:  Undefined array key "BIGCOMMERCE_STORE" in /var/www/store-info.php on line 10PHP message: PHP Warning:  Undefined array key "BIGCOMMERCE_TOKEN" in /var/www/store-info.php on line 10PHP message: PHP Warning:  Undefined array key "BIGCOMMERCE_CLIENT_ID" in /var/www/store-info.php on line 10" while reading response header from upstream, client: 172.21.0.1, server: newhiretest.dev.intuitsolutions-apps.net, request: "GET /store-info.php HTTP/1.1", upstream: "fastcgi://172.21.0.3:9000", host: "newhiretest.dev.intuitsolutions-apps.net"
2022/06/02 05:07:32 [error] 26#26: *131 FastCGI sent in stderr: "PHP message: PHP Warning:  Undefined array key "BIGCOMMERCE_STORE" in /var/www/store-info.php on line 10PHP message: PHP Warning:  Undefined array key "BIGCOMMERCE_TOKEN" in /var/www/store-info.php on line 10PHP message: PHP Warning:  Undefined array key "BIGCOMMERCE_CLIENT_ID" in /var/www/store-info.php on line 10" while reading response header from upstream, client: 172.21.0.1, server: newhiretest.dev.intuitsolutions-apps.net, request: "GET /store-info.php HTTP/1.1", upstream: "fastcgi://172.21.0.3:9000", host: "newhiretest.dev.intuitsolutions-apps.net"
2022/06/02 05:10:39 [error] 26#26: *141 FastCGI sent in stderr: "PHP message: PHP Warning:  Undefined array key "DATABASE_HOST" in /var/www/store-info.php on line 22PHP message: PHP Warning:  Undefined array key "DATABASE_USER" in /var/www/store-info.php on line 22PHP message: PHP Warning:  Undefined array key "DATABASE_PASS" in /var/www/store-info.php on line 22PHP message: PHP Warning:  Undefined array key "DATABASE_NAME" in /var/www/store-info.php on line 22PHP message: PHP Warning:  Undefined array key "DATABASE_PORT" in /var/www/store-info.php on line 22PHP message: PHP Warning:  mysqli::__construct(): (HY000/2002): No such file or directory in /var/www/store-info.php on line 22" while reading response header from upstream, client: 172.21.0.1, server: newhiretest.dev.intuitsolutions-apps.net, request: "GET /store-info.php HTTP/1.1", upstream: "fastcgi://172.21.0.3:9000", host: "newhiretest.dev.intuitsolutions-apps.net"
2022/06/02 05:18:55 [error] 27#27: *159 FastCGI sent in stderr: "PHP message: PHP Warning:  Undefined array key "DATABASE_HOST" in /var/www/store-info.php on line 22PHP message: PHP Warning:  Undefined array key "DATABASE_USER" in /var/www/store-info.php on line 22PHP message: PHP Warning:  Undefined array key "DATABASE_PASS" in /var/www/store-info.php on line 22PHP message: PHP Warning:  Undefined array key "DATABASE_NAME" in /var/www/store-info.php on line 22PHP message: PHP Warning:  Undefined array key "DATABASE_PORT" in /var/www/store-info.php on line 22PHP message: PHP Warning:  mysqli::__construct(): (HY000/2002): No such file or directory in /var/www/store-info.php on line 22" while reading response header from upstream, client: 172.21.0.1, server: newhiretest.dev.intuitsolutions-apps.net, request: "GET /store-info.php HTTP/1.1", upstream: "fastcgi://172.21.0.3:9000", host: "newhiretest.dev.intuitsolutions-apps.net"
2022/06/02 05:18:57 [error] 27#27: *159 FastCGI sent in stderr: "PHP message: PHP Warning:  Undefined array key "DATABASE_HOST" in /var/www/store-info.php on line 22PHP message: PHP Warning:  Undefined array key "DATABASE_USER" in /var/www/store-info.php on line 22PHP message: PHP Warning:  Undefined array key "DATABASE_PASS" in /var/www/store-info.php on line 22PHP message: PHP Warning:  Undefined array key "DATABASE_NAME" in /var/www/store-info.php on line 22PHP message: PHP Warning:  Undefined array key "DATABASE_PORT" in /var/www/store-info.php on line 22PHP message: PHP Warning:  mysqli::__construct(): (HY000/2002): No such file or directory in /var/www/store-info.php on line 22" while reading response header from upstream, client: 172.21.0.1, server: newhiretest.dev.intuitsolutions-apps.net, request: "GET /store-info.php HTTP/1.1", upstream: "fastcgi://172.21.0.3:9000", host: "newhiretest.dev.intuitsolutions-apps.net"
2022/06/02 05:18:58 [error] 27#27: *159 FastCGI sent in stderr: "PHP message: PHP Warning:  Undefined array key "DATABASE_HOST" in /var/www/store-info.php on line 22PHP message: PHP Warning:  Undefined array key "DATABASE_USER" in /var/www/store-info.php on line 22PHP message: PHP Warning:  Undefined array key "DATABASE_PASS" in /var/www/store-info.php on line 22PHP message: PHP Warning:  Undefined array key "DATABASE_NAME" in /var/www/store-info.php on line 22PHP message: PHP Warning:  Undefined array key "DATABASE_PORT" in /var/www/store-info.php on line 22PHP message: PHP Warning:  mysqli::__construct(): (HY000/2002): No such file or directory in /var/www/store-info.php on line 22" while reading response header from upstream, client: 172.21.0.1, server: newhiretest.dev.intuitsolutions-apps.net, request: "GET /store-info.php HTTP/1.1", upstream: "fastcgi://172.21.0.3:9000", host: "newhiretest.dev.intuitsolutions-apps.net"
2022/06/02 05:19:59 [error] 27#27: *159 FastCGI sent in stderr: "PHP message: PHP Warning:  Undefined variable $object in /var/www/src/BigCommerce/BigCommerceAPI.php on line 204" while reading upstream, client: 172.21.0.1, server: newhiretest.dev.intuitsolutions-apps.net, request: "GET /store-info.php HTTP/1.1", upstream: "fastcgi://172.21.0.3:9000", host: "newhiretest.dev.intuitsolutions-apps.net"
2022/06/02 05:28:34 [error] 28#28: *191 FastCGI sent in stderr: "PHP message: PHP Warning:  Undefined variable $bc in /var/www/store-info.php on line 22PHP message: PHP Fatal error:  Uncaught Error: Call to a member function get() on null in /var/www/store-info.php:22
Stack trace:
#0 {main}
  thrown in /var/www/store-info.php on line 22" while reading response header from upstream, client: 172.21.0.1, server: newhiretest.dev.intuitsolutions-apps.net, request: "GET /store-info.php HTTP/1.1", upstream: "fastcgi://172.21.0.3:9000", host: "newhiretest.dev.intuitsolutions-apps.net"
2022/06/02 05:28:41 [error] 28#28: *191 FastCGI sent in stderr: "PHP message: PHP Warning:  Undefined variable $bc in /var/www/store-info.php on line 22PHP message: PHP Fatal error:  Uncaught Error: Call to a member function get() on null in /var/www/store-info.php:22
Stack trace:
#0 {main}
  thrown in /var/www/store-info.php on line 22" while reading response header from upstream, client: 172.21.0.1, server: newhiretest.dev.intuitsolutions-apps.net, request: "GET /store-info.php HTTP/1.1", upstream: "fastcgi://172.21.0.3:9000", host: "newhiretest.dev.intuitsolutions-apps.net"
2022/06/02 05:28:43 [error] 28#28: *191 FastCGI sent in stderr: "PHP message: PHP Warning:  Undefined variable $bc in /var/www/store-info.php on line 22PHP message: PHP Fatal error:  Uncaught Error: Call to a member function get() on null in /var/www/store-info.php:22
Stack trace:
#0 {main}
  thrown in /var/www/store-info.php on line 22" while reading response header from upstream, client: 172.21.0.1, server: newhiretest.dev.intuitsolutions-apps.net, request: "GET /store-info.php HTTP/1.1", upstream: "fastcgi://172.21.0.3:9000", host: "newhiretest.dev.intuitsolutions-apps.net"
2022/06/02 05:29:02 [error] 28#28: *191 FastCGI sent in stderr: "PHP message: PHP Warning:  Undefined variable $bc in /var/www/store-info.php on line 22PHP message: PHP Fatal error:  Uncaught Error: Call to a member function get() on null in /var/www/store-info.php:22
Stack trace:
#0 {main}
  thrown in /var/www/store-info.php on line 22" while reading response header from upstream, client: 172.21.0.1, server: newhiretest.dev.intuitsolutions-apps.net, request: "GET /store-info.php HTTP/1.1", upstream: "fastcgi://172.21.0.3:9000", host: "newhiretest.dev.intuitsolutions-apps.net"
2022/06/02 05:51:12 [error] 30#30: *248 FastCGI sent in stderr: "PHP message: PHP Parse error:  syntax error, unexpected token "{", expecting "(" in /var/www/index.php on line 16" while reading response header from upstream, client: 172.21.0.1, server: newhiretest.dev.intuitsolutions-apps.net, request: "GET / HTTP/1.1", upstream: "fastcgi://172.21.0.3:9000", host: "newhiretest.dev.intuitsolutions-apps.net"
2022/06/02 05:51:27 [error] 30#30: *252 FastCGI sent in stderr: "PHP message: PHP Fatal error:  Uncaught ArgumentCountError: Too few arguments to function {closure}(), 0 passed and exactly 1 expected in /var/www/index.php:8
Stack trace:
#0 [internal function]: {closure}()
#1 /var/www/vendor/steampixel/simple-php-router/src/Steampixel/Route.php(103): call_user_func_array(Object(Closure), Array)
#2 /var/www/index.php(12): Steampixel\Route::run('')
#3 {main}
  thrown in /var/www/index.php on line 8" while reading response header from upstream, client: 172.21.0.1, server: newhiretest.dev.intuitsolutions-apps.net, request: "GET / HTTP/1.1", upstream: "fastcgi://172.21.0.3:9000", host: "newhiretest.dev.intuitsolutions-apps.net"
2022/06/02 05:52:27 [error] 31#31: *260 FastCGI sent in stderr: "PHP message: PHP Fatal error:  Uncaught Error: Class "Route" not found in /var/www/index.php:8
Stack trace:
#0 {main}
  thrown in /var/www/index.php on line 8" while reading response header from upstream, client: 172.21.0.1, server: newhiretest.dev.intuitsolutions-apps.net, request: "GET / HTTP/1.1", upstream: "fastcgi://172.21.0.3:9000", host: "newhiretest.dev.intuitsolutions-apps.net"
2022/06/02 05:52:28 [error] 31#31: *260 FastCGI sent in stderr: "PHP message: PHP Fatal error:  Uncaught Error: Class "Route" not found in /var/www/index.php:8
Stack trace:
#0 {main}
  thrown in /var/www/index.php on line 8" while reading response header from upstream, client: 172.21.0.1, server: newhiretest.dev.intuitsolutions-apps.net, request: "GET / HTTP/1.1", upstream: "fastcgi://172.21.0.3:9000", host: "newhiretest.dev.intuitsolutions-apps.net"
2022/06/02 05:52:28 [error] 31#31: *260 FastCGI sent in stderr: "PHP message: PHP Fatal error:  Uncaught Error: Class "Route" not found in /var/www/index.php:8
Stack trace:
#0 {main}
  thrown in /var/www/index.php on line 8" while reading response header from upstream, client: 172.21.0.1, server: newhiretest.dev.intuitsolutions-apps.net, request: "GET / HTTP/1.1", upstream: "fastcgi://172.21.0.3:9000", host: "newhiretest.dev.intuitsolutions-apps.net"
2022/06/02 05:52:29 [error] 31#31: *260 FastCGI sent in stderr: "PHP message: PHP Fatal error:  Uncaught Error: Class "Route" not found in /var/www/index.php:8
Stack trace:
#0 {main}
  thrown in /var/www/index.php on line 8" while reading response header from upstream, client: 172.21.0.1, server: newhiretest.dev.intuitsolutions-apps.net, request: "GET / HTTP/1.1", upstream: "fastcgi://172.21.0.3:9000", host: "newhiretest.dev.intuitsolutions-apps.net"
2022/06/02 05:52:29 [error] 31#31: *260 FastCGI sent in stderr: "PHP message: PHP Fatal error:  Uncaught Error: Class "Route" not found in /var/www/index.php:8
Stack trace:
#0 {main}
  thrown in /var/www/index.php on line 8" while reading response header from upstream, client: 172.21.0.1, server: newhiretest.dev.intuitsolutions-apps.net, request: "GET / HTTP/1.1", upstream: "fastcgi://172.21.0.3:9000", host: "newhiretest.dev.intuitsolutions-apps.net"
2022/06/02 05:53:07 [error] 31#31: *272 FastCGI sent in stderr: "PHP message: PHP Fatal error:  Uncaught Error: Class "Route" not found in /var/www/index.php:8
Stack trace:
#0 {main}
  thrown in /var/www/index.php on line 8" while reading response header from upstream, client: 172.21.0.1, server: newhiretest.dev.intuitsolutions-apps.net, request: "GET / HTTP/1.1", upstream: "fastcgi://172.21.0.3:9000", host: "newhiretest.dev.intuitsolutions-apps.net"
2022/06/02 05:53:41 [error] 32#32: *276 FastCGI sent in stderr: "PHP message: PHP Fatal error:  Uncaught ArgumentCountError: Too few arguments to function {closure}(), 0 passed and exactly 1 expected in /var/www/index.php:8
Stack trace:
#0 [internal function]: {closure}()
#1 /var/www/vendor/steampixel/simple-php-router/src/Steampixel/Route.php(103): call_user_func_array(Object(Closure), Array)
#2 /var/www/index.php(12): Steampixel\Route::run('')
#3 {main}
  thrown in /var/www/index.php on line 8" while reading response header from upstream, client: 172.21.0.1, server: newhiretest.dev.intuitsolutions-apps.net, request: "GET / HTTP/1.1", upstream: "fastcgi://172.21.0.3:9000", host: "newhiretest.dev.intuitsolutions-apps.net"
2022/06/02 05:53:46 [error] 32#32: *276 FastCGI sent in stderr: "PHP message: PHP Fatal error:  Uncaught Error: Undefined constant "Route" in /var/www/index.php:9
Stack trace:
#0 {main}
  thrown in /var/www/index.php on line 9" while reading upstream, client: 172.21.0.1, server: newhiretest.dev.intuitsolutions-apps.net, request: "GET / HTTP/1.1", upstream: "fastcgi://172.21.0.3:9000", host: "newhiretest.dev.intuitsolutions-apps.net"
2022/06/02 05:54:03 [error] 32#32: *282 FastCGI sent in stderr: "PHP message: PHP Fatal error:  Uncaught Error: Undefined constant "Route" in /var/www/index.php:9
Stack trace:
#0 {main}
  thrown in /var/www/index.php on line 9" while reading upstream, client: 172.21.0.1, server: newhiretest.dev.intuitsolutions-apps.net, request: "GET / HTTP/1.1", upstream: "fastcgi://172.21.0.3:9000", host: "newhiretest.dev.intuitsolutions-apps.net"
2022/06/02 05:54:04 [error] 32#32: *282 FastCGI sent in stderr: "PHP message: PHP Fatal error:  Uncaught Error: Undefined constant "Route" in /var/www/index.php:9
Stack trace:
#0 {main}
  thrown in /var/www/index.php on line 9" while reading upstream, client: 172.21.0.1, server: newhiretest.dev.intuitsolutions-apps.net, request: "GET / HTTP/1.1", upstream: "fastcgi://172.21.0.3:9000", host: "newhiretest.dev.intuitsolutions-apps.net"
2022/06/02 05:54:05 [error] 32#32: *282 FastCGI sent in stderr: "PHP message: PHP Fatal error:  Uncaught Error: Undefined constant "Route" in /var/www/index.php:9
Stack trace:
#0 {main}
  thrown in /var/www/index.php on line 9" while reading upstream, client: 172.21.0.1, server: newhiretest.dev.intuitsolutions-apps.net, request: "GET / HTTP/1.1", upstream: "fastcgi://172.21.0.3:9000", host: "newhiretest.dev.intuitsolutions-apps.net"
2022/06/02 05:54:05 [error] 32#32: *282 FastCGI sent in stderr: "PHP message: PHP Fatal error:  Uncaught Error: Undefined constant "Route" in /var/www/index.php:9
Stack trace:
#0 {main}
  thrown in /var/www/index.php on line 9" while reading upstream, client: 172.21.0.1, server: newhiretest.dev.intuitsolutions-apps.net, request: "GET / HTTP/1.1", upstream: "fastcgi://172.21.0.3:9000", host: "newhiretest.dev.intuitsolutions-apps.net"
2022/06/02 05:54:05 [error] 32#32: *282 FastCGI sent in stderr: "PHP message: PHP Fatal error:  Uncaught Error: Undefined constant "Route" in /var/www/index.php:9
Stack trace:
#0 {main}
  thrown in /var/www/index.php on line 9" while reading upstream, client: 172.21.0.1, server: newhiretest.dev.intuitsolutions-apps.net, request: "GET / HTTP/1.1", upstream: "fastcgi://172.21.0.3:9000", host: "newhiretest.dev.intuitsolutions-apps.net"
2022/06/02 05:54:06 [error] 32#32: *282 FastCGI sent in stderr: "PHP message: PHP Fatal error:  Uncaught Error: Undefined constant "Route" in /var/www/index.php:9
Stack trace:
#0 {main}
  thrown in /var/www/index.php on line 9" while reading upstream, client: 172.21.0.1, server: newhiretest.dev.intuitsolutions-apps.net, request: "GET / HTTP/1.1", upstream: "fastcgi://172.21.0.3:9000", host: "newhiretest.dev.intuitsolutions-apps.net"
2022/06/02 05:56:35 [error] 33#33: *316 FastCGI sent in stderr: "PHP message: PHP Parse error:  syntax error, unexpected token "{", expecting "(" in /var/www/index.php on line 23" while reading response header from upstream, client: 172.21.0.1, server: newhiretest.dev.intuitsolutions-apps.net, request: "GET /search?id=123 HTTP/1.1", upstream: "fastcgi://172.21.0.3:9000", host: "newhiretest.dev.intuitsolutions-apps.net"
2022/06/02 05:56:43 [error] 33#33: *320 FastCGI sent in stderr: "PHP message: PHP Fatal error:  Uncaught ArgumentCountError: Too few arguments to function {closure}(), 0 passed and exactly 1 expected in /var/www/index.php:12
Stack trace:
#0 [internal function]: {closure}()
#1 /var/www/vendor/steampixel/simple-php-router/src/Steampixel/Route.php(103): call_user_func_array(Object(Closure), Array)
#2 /var/www/index.php(18): Steampixel\Route::run('')
#3 {main}
  thrown in /var/www/index.php on line 12" while reading response header from upstream, client: 172.21.0.1, server: newhiretest.dev.intuitsolutions-apps.net, request: "GET /search?id=123 HTTP/1.1", upstream: "fastcgi://172.21.0.3:9000", host: "newhiretest.dev.intuitsolutions-apps.net"
2022/06/02 05:57:04 [error] 34#34: *324 FastCGI sent in stderr: "PHP message: PHP Fatal error:  Uncaught ArgumentCountError: Too few arguments to function {closure}(), 0 passed and exactly 1 expected in /var/www/index.php:12
Stack trace:
#0 [internal function]: {closure}()
#1 /var/www/vendor/steampixel/simple-php-router/src/Steampixel/Route.php(103): call_user_func_array(Object(Closure), Array)
#2 /var/www/index.php(18): Steampixel\Route::run('')
#3 {main}
  thrown in /var/www/index.php on line 12" while reading response header from upstream, client: 172.21.0.1, server: newhiretest.dev.intuitsolutions-apps.net, request: "GET /search HTTP/1.1", upstream: "fastcgi://172.21.0.3:9000", host: "newhiretest.dev.intuitsolutions-apps.net"
2022/06/02 07:31:20 [error] 25#25: *370 FastCGI sent in stderr: "PHP message: PHP Parse error:  syntax error, unexpected token "{", expecting "(" in /var/www/store-info.php on line 16" while reading response header from upstream, client: 172.21.0.1, server: newhiretest.dev.intuitsolutions-apps.net, request: "GET /store-info.php HTTP/1.1", upstream: "fastcgi://172.21.0.3:9000", host: "newhiretest.dev.intuitsolutions-apps.net"
2022/06/02 07:45:33 [error] 23#23: *386 FastCGI sent in stderr: "PHP message: PHP Warning:  Undefined variable $bigCommerce in /var/www/index.php on line 15" while reading response header from upstream, client: 172.21.0.1, server: newhiretest.dev.intuitsolutions-apps.net, request: "GET / HTTP/1.1", upstream: "fastcgi://172.21.0.3:9000", host: "newhiretest.dev.intuitsolutions-apps.net"
2022/06/02 07:45:33 [error] 23#23: *386 FastCGI sent in stderr: "PHP message: PHP Fatal error:  Uncaught Error: Call to a member function get() on null in /var/www/index.php:15
Stack trace:
#0 [internal function]: {closure}()
#1 /var/www/vendor/steampixel/simple-php-router/src/Steampixel/Route.php(103): call_user_func_array(Object(Closure), Array)
#2 /var/www/index.php(32): Steampixel\Route::run('')
#3 {main}
  thrown in /var/www/index.php on line 15" while reading upstream, client: 172.21.0.1, server: newhiretest.dev.intuitsolutions-apps.net, request: "GET / HTTP/1.1", upstream: "fastcgi://172.21.0.3:9000", host: "newhiretest.dev.intuitsolutions-apps.net"
2022/06/02 07:52:34 [error] 23#23: *398 FastCGI sent in stderr: "PHP message: PHP Warning:  Undefined variable $bigCommerce in /var/www/index.php on line 19" while reading response header from upstream, client: 172.21.0.1, server: newhiretest.dev.intuitsolutions-apps.net, request: "GET /get-wistlist-products HTTP/1.1", upstream: "fastcgi://172.21.0.3:9000", host: "newhiretest.dev.intuitsolutions-apps.net"
2022/06/02 07:52:34 [error] 23#23: *398 FastCGI sent in stderr: "PHP message: PHP Fatal error:  Uncaught Error: Call to a member function get() on null in /var/www/index.php:19
Stack trace:
#0 /var/www/index.php(32): getProductByIds(Array)
#1 [internal function]: {closure}()
#2 /var/www/vendor/steampixel/simple-php-router/src/Steampixel/Route.php(103): call_user_func_array(Object(Closure), Array)
#3 /var/www/index.php(62): Steampixel\Route::run('')
#4 {main}
  thrown in /var/www/index.php on line 19" while reading upstream, client: 172.21.0.1, server: newhiretest.dev.intuitsolutions-apps.net, request: "GET /get-wistlist-products HTTP/1.1", upstream: "fastcgi://172.21.0.3:9000", host: "newhiretest.dev.intuitsolutions-apps.net"
2022/06/02 07:57:38 [error] 23#23: *408 FastCGI sent in stderr: "PHP message: PHP Parse error:  syntax error, unexpected token "use" in /var/www/index.php on line 5" while reading response header from upstream, client: 172.21.0.1, server: newhiretest.dev.intuitsolutions-apps.net, request: "GET /get-wistlist-products HTTP/1.1", upstream: "fastcgi://172.21.0.3:9000", host: "newhiretest.dev.intuitsolutions-apps.net"
2022/06/02 07:57:39 [error] 23#23: *408 FastCGI sent in stderr: "PHP message: PHP Parse error:  syntax error, unexpected token "use" in /var/www/index.php on line 5" while reading response header from upstream, client: 172.21.0.1, server: newhiretest.dev.intuitsolutions-apps.net, request: "GET /get-wistlist-products HTTP/1.1", upstream: "fastcgi://172.21.0.3:9000", host: "newhiretest.dev.intuitsolutions-apps.net"
2022/06/02 08:03:56 [error] 24#24: *416 FastCGI sent in stderr: "PHP message: PHP Fatal error:  Uncaught Error: Object of class stdClass could not be converted to string in /var/www/vendor/steampixel/simple-php-router/src/Steampixel/Route.php:104
Stack trace:
#0 /var/www/index.php(33): Steampixel\Route::run('')
#1 {main}
  thrown in /var/www/vendor/steampixel/simple-php-router/src/Steampixel/Route.php on line 104" while reading response header from upstream, client: 172.21.0.1, server: newhiretest.dev.intuitsolutions-apps.net, request: "GET /get-wistlist-products HTTP/1.1", upstream: "fastcgi://172.21.0.3:9000", host: "newhiretest.dev.intuitsolutions-apps.net"
2022/06/02 08:08:23 [error] 24#24: *424 FastCGI sent in stderr: "PHP message: PHP Fatal error:  Uncaught PDOException: PDO::__construct(): Argument #1 ($dsn) must be a valid data source name in /var/www/index.php:8
Stack trace:
#0 /var/www/index.php(8): PDO->__construct('db', 'root', 'secret')
#1 {main}
  thrown in /var/www/index.php on line 8" while reading response header from upstream, client: 172.21.0.1, server: newhiretest.dev.intuitsolutions-apps.net, request: "GET /get-wistlist-products HTTP/1.1", upstream: "fastcgi://172.21.0.3:9000", host: "newhiretest.dev.intuitsolutions-apps.net"
2022/06/02 08:09:49 [error] 26#26: *428 FastCGI sent in stderr: "PHP message: PHP Warning:  Undefined variable $wistlist in /var/www/index.php on line 29" while reading upstream, client: 172.21.0.1, server: newhiretest.dev.intuitsolutions-apps.net, request: "GET /get-wistlist-products HTTP/1.1", upstream: "fastcgi://172.21.0.3:9000", host: "newhiretest.dev.intuitsolutions-apps.net"
2022/06/02 08:11:43 [error] 26#26: *432 FastCGI sent in stderr: "PHP message: PHP Fatal error:  Uncaught InvalidArgumentException: The table "wishlist" does not exist in /var/www/vendor/simple-crud/simple-crud/src/Database.php:176
Stack trace:
#0 /var/www/index.php(31): SimpleCrud\Database->__get('wishlist')
#1 [internal function]: {closure}()
#2 /var/www/vendor/steampixel/simple-php-router/src/Steampixel/Route.php(103): call_user_func_array(Object(Closure), Array)
#3 /var/www/index.php(56): Steampixel\Route::run('')
#4 {main}
  thrown in /var/www/vendor/simple-crud/simple-crud/src/Database.php on line 176" while reading response header from upstream, client: 172.21.0.1, server: newhiretest.dev.intuitsolutions-apps.net, request: "GET /get-wistlist-products HTTP/1.1", upstream: "fastcgi://172.21.0.3:9000", host: "newhiretest.dev.intuitsolutions-apps.net"
2022/06/02 08:16:49 [error] 26#26: *438 FastCGI sent in stderr: "PHP message: PHP Fatal error:  Uncaught Error: Class "Database" not found in /var/www/db.php:7
Stack trace:
#0 /var/www/index.php(4): require_once()
#1 {main}
  thrown in /var/www/db.php on line 7" while reading response header from upstream, client: 172.21.0.1, server: newhiretest.dev.intuitsolutions-apps.net, request: "GET /get-wistlist-products HTTP/1.1", upstream: "fastcgi://172.21.0.3:9000", host: "newhiretest.dev.intuitsolutions-apps.net"
2022/06/02 08:17:07 [error] 26#26: *438 FastCGI sent in stderr: "PHP message: PHP Fatal error:  Uncaught InvalidArgumentException: The table "wishlist" does not exist in /var/www/vendor/simple-crud/simple-crud/src/Database.php:176
Stack trace:
#0 /var/www/index.php(19): SimpleCrud\Database->__get('wishlist')
#1 [internal function]: {closure}()
#2 /var/www/vendor/steampixel/simple-php-router/src/Steampixel/Route.php(103): call_user_func_array(Object(Closure), Array)
#3 /var/www/index.php(44): Steampixel\Route::run('')
#4 {main}
  thrown in /var/www/vendor/simple-crud/simple-crud/src/Database.php on line 176" while reading response header from upstream, client: 172.21.0.1, server: newhiretest.dev.intuitsolutions-apps.net, request: "GET /get-wistlist-products HTTP/1.1", upstream: "fastcgi://172.21.0.3:9000", host: "newhiretest.dev.intuitsolutions-apps.net"
2022/06/02 08:20:20 [error] 26#26: *444 FastCGI sent in stderr: "PHP message: PHP Warning:  Undefined variable $sodong in /var/www/index.php on line 23" while reading upstream, client: 172.21.0.1, server: newhiretest.dev.intuitsolutions-apps.net, request: "GET /get-wistlist-products HTTP/1.1", upstream: "fastcgi://172.21.0.3:9000", host: "newhiretest.dev.intuitsolutions-apps.net"
2022/06/02 08:22:04 [error] 27#27: *458 FastCGI sent in stderr: "PHP message: PHP Fatal error:  Uncaught TypeError: Cannot access offset of type string on string in /var/www/index.php:22
Stack trace:
#0 [internal function]: {closure}('918')
#1 /var/www/index.php(23): array_map(Object(Closure), Array)
#2 [internal function]: {closure}()
#3 /var/www/vendor/steampixel/simple-php-router/src/Steampixel/Route.php(103): call_user_func_array(Object(Closure), Array)
#4 /var/www/index.php(52): Steampixel\Route::run('')
#5 {main}
  thrown in /var/www/index.php on line 22" while reading response header from upstream, client: 172.21.0.1, server: newhiretest.dev.intuitsolutions-apps.net, request: "GET /get-wistlist-products HTTP/1.1", upstream: "fastcgi://172.21.0.3:9000", host: "newhiretest.dev.intuitsolutions-apps.net"
2022/06/02 08:24:46 [error] 27#27: *482 FastCGI sent in stderr: "PHP message: PHP Parse error:  syntax error, unexpected token "?" in /var/www/index.php on line 20" while reading response header from upstream, client: 172.21.0.1, server: newhiretest.dev.intuitsolutions-apps.net, request: "GET /get-wistlist-products HTTP/1.1", upstream: "fastcgi://172.21.0.3:9000", host: "newhiretest.dev.intuitsolutions-apps.net"
2022/06/02 08:26:28 [error] 28#28: *492 FastCGI sent in stderr: "PHP message: PHP Fatal error:  Uncaught TypeError: array_map(): Argument #2 ($array) must be of type array, string given in /var/www/index.php:25
Stack trace:
#0 /var/www/index.php(25): array_map(Object(Closure), '918')
#1 [internal function]: {closure}()
#2 /var/www/vendor/steampixel/simple-php-router/src/Steampixel/Route.php(103): call_user_func_array(Object(Closure), Array)
#3 /var/www/index.php(54): Steampixel\Route::run('')
#4 {main}
  thrown in /var/www/index.php on line 25" while reading response header from upstream, client: 172.21.0.1, server: newhiretest.dev.intuitsolutions-apps.net, request: "GET /get-wistlist-products HTTP/1.1", upstream: "fastcgi://172.21.0.3:9000", host: "newhiretest.dev.intuitsolutions-apps.net"
2022/06/02 10:20:38 [error] 28#28: *948 FastCGI sent in stderr: "PHP message: PHP Warning:  Cannot modify header information - headers already sent by (output started at /var/www/index.php:26) in /var/www/index.php on line 34" while reading upstream, client: 172.21.0.1, server: newhiretest.dev.intuitsolutions-apps.net, request: "GET /store-info HTTP/1.1", upstream: "fastcgi://172.21.0.3:9000", host: "newhiretest.dev.intuitsolutions-apps.net", referrer: "http://localhost:3000/"
2022/06/02 10:22:29 [error] 28#28: *958 FastCGI sent in stderr: "PHP message: PHP Warning:  require_once(/var/src/helpers.php): Failed to open stream: No such file or directory in /var/www/index.php on line 7" while reading response header from upstream, client: 172.21.0.1, server: newhiretest.dev.intuitsolutions-apps.net, request: "GET /store-info HTTP/1.1", upstream: "fastcgi://172.21.0.3:9000", host: "newhiretest.dev.intuitsolutions-apps.net", referrer: "http://localhost:3000/"
2022/06/02 10:22:29 [error] 28#28: *958 FastCGI sent in stderr: "PHP message: PHP Fatal error:  Uncaught Error: Failed opening required '/var/src/helpers.php' (include_path='.:/usr/local/lib/php') in /var/www/index.php:7
Stack trace:
#0 {main}
  thrown in /var/www/index.php on line 7" while reading upstream, client: 172.21.0.1, server: newhiretest.dev.intuitsolutions-apps.net, request: "GET /store-info HTTP/1.1", upstream: "fastcgi://172.21.0.3:9000", host: "newhiretest.dev.intuitsolutions-apps.net", referrer: "http://localhost:3000/"
2022/06/02 10:23:04 [error] 29#29: *962 FastCGI sent in stderr: "PHP message: PHP Warning:  require_once(/var/src/helpers.php): Failed to open stream: No such file or directory in /var/www/index.php on line 7" while reading response header from upstream, client: 172.21.0.1, server: newhiretest.dev.intuitsolutions-apps.net, request: "GET /get-wistlist-products HTTP/1.1", upstream: "fastcgi://172.21.0.3:9000", host: "newhiretest.dev.intuitsolutions-apps.net"
2022/06/02 10:23:04 [error] 29#29: *962 FastCGI sent in stderr: "PHP message: PHP Fatal error:  Uncaught Error: Failed opening required '/var/src/helpers.php' (include_path='.:/usr/local/lib/php') in /var/www/index.php:7
Stack trace:
#0 {main}
  thrown in /var/www/index.php on line 7" while reading upstream, client: 172.21.0.1, server: newhiretest.dev.intuitsolutions-apps.net, request: "GET /get-wistlist-products HTTP/1.1", upstream: "fastcgi://172.21.0.3:9000", host: "newhiretest.dev.intuitsolutions-apps.net"
2022/06/02 10:23:06 [error] 29#29: *965 FastCGI sent in stderr: "PHP message: PHP Warning:  require_once(/var/src/helpers.php): Failed to open stream: No such file or directory in /var/www/index.php on line 7" while reading response header from upstream, client: 172.21.0.1, server: newhiretest.dev.intuitsolutions-apps.net, request: "GET /favicon.ico HTTP/1.1", upstream: "fastcgi://172.21.0.3:9000", host: "newhiretest.dev.intuitsolutions-apps.net", referrer: "https://newhiretest.dev.intuitsolutions-apps.net/get-wistlist-products"
2022/06/02 10:23:06 [error] 29#29: *965 FastCGI sent in stderr: "PHP message: PHP Fatal error:  Uncaught Error: Failed opening required '/var/src/helpers.php' (include_path='.:/usr/local/lib/php') in /var/www/index.php:7
Stack trace:
#0 {main}
  thrown in /var/www/index.php on line 7" while reading upstream, client: 172.21.0.1, server: newhiretest.dev.intuitsolutions-apps.net, request: "GET /favicon.ico HTTP/1.1", upstream: "fastcgi://172.21.0.3:9000", host: "newhiretest.dev.intuitsolutions-apps.net", referrer: "https://newhiretest.dev.intuitsolutions-apps.net/get-wistlist-products"
2022/06/02 10:23:21 [error] 29#29: *969 FastCGI sent in stderr: "PHP message: PHP Warning:  require_once(/var/www/src/helpers.php): Failed to open stream: No such file or directory in /var/www/index.php on line 7" while reading response header from upstream, client: 172.21.0.1, server: newhiretest.dev.intuitsolutions-apps.net, request: "GET /get-wistlist-products HTTP/1.1", upstream: "fastcgi://172.21.0.3:9000", host: "newhiretest.dev.intuitsolutions-apps.net"
2022/06/02 10:23:21 [error] 29#29: *969 FastCGI sent in stderr: "PHP message: PHP Fatal error:  Uncaught Error: Failed opening required '/var/www/src/helpers.php' (include_path='.:/usr/local/lib/php') in /var/www/index.php:7
Stack trace:
#0 {main}
  thrown in /var/www/index.php on line 7" while reading upstream, client: 172.21.0.1, server: newhiretest.dev.intuitsolutions-apps.net, request: "GET /get-wistlist-products HTTP/1.1", upstream: "fastcgi://172.21.0.3:9000", host: "newhiretest.dev.intuitsolutions-apps.net"
2022/06/02 10:23:22 [error] 29#29: *969 FastCGI sent in stderr: "PHP message: PHP Warning:  require_once(/var/www/src/helpers.php): Failed to open stream: No such file or directory in /var/www/index.php on line 7" while reading response header from upstream, client: 172.21.0.1, server: newhiretest.dev.intuitsolutions-apps.net, request: "GET /favicon.ico HTTP/1.1", upstream: "fastcgi://172.21.0.3:9000", host: "newhiretest.dev.intuitsolutions-apps.net", referrer: "https://newhiretest.dev.intuitsolutions-apps.net/get-wistlist-products"
2022/06/02 10:23:22 [error] 29#29: *969 FastCGI sent in stderr: "PHP message: PHP Fatal error:  Uncaught Error: Failed opening required '/var/www/src/helpers.php' (include_path='.:/usr/local/lib/php') in /var/www/index.php:7
Stack trace:
#0 {main}
  thrown in /var/www/index.php on line 7" while reading upstream, client: 172.21.0.1, server: newhiretest.dev.intuitsolutions-apps.net, request: "GET /favicon.ico HTTP/1.1", upstream: "fastcgi://172.21.0.3:9000", host: "newhiretest.dev.intuitsolutions-apps.net", referrer: "https://newhiretest.dev.intuitsolutions-apps.net/get-wistlist-products"
2022/06/02 10:23:40 [error] 29#29: *974 FastCGI sent in stderr: "PHP message: PHP Warning:  require_once(/var/www/src/src/helpers.php): Failed to open stream: No such file or directory in /var/www/index.php on line 7" while reading response header from upstream, client: 172.21.0.1, server: newhiretest.dev.intuitsolutions-apps.net, request: "GET /get-wistlist-products HTTP/1.1", upstream: "fastcgi://172.21.0.3:9000", host: "newhiretest.dev.intuitsolutions-apps.net"
2022/06/02 10:23:40 [error] 29#29: *974 FastCGI sent in stderr: "PHP message: PHP Fatal error:  Uncaught Error: Failed opening required '/var/www/src/src/helpers.php' (include_path='.:/usr/local/lib/php') in /var/www/index.php:7
Stack trace:
#0 {main}
  thrown in /var/www/index.php on line 7" while reading upstream, client: 172.21.0.1, server: newhiretest.dev.intuitsolutions-apps.net, request: "GET /get-wistlist-products HTTP/1.1", upstream: "fastcgi://172.21.0.3:9000", host: "newhiretest.dev.intuitsolutions-apps.net"
2022/06/02 10:23:40 [error] 29#29: *974 FastCGI sent in stderr: "PHP message: PHP Warning:  require_once(/var/www/src/src/helpers.php): Failed to open stream: No such file or directory in /var/www/index.php on line 7" while reading response header from upstream, client: 172.21.0.1, server: newhiretest.dev.intuitsolutions-apps.net, request: "GET /favicon.ico HTTP/1.1", upstream: "fastcgi://172.21.0.3:9000", host: "newhiretest.dev.intuitsolutions-apps.net", referrer: "https://newhiretest.dev.intuitsolutions-apps.net/get-wistlist-products"
2022/06/02 10:23:40 [error] 29#29: *974 FastCGI sent in stderr: "PHP message: PHP Fatal error:  Uncaught Error: Failed opening required '/var/www/src/src/helpers.php' (include_path='.:/usr/local/lib/php') in /var/www/index.php:7
Stack trace:
#0 {main}
  thrown in /var/www/index.php on line 7" while reading upstream, client: 172.21.0.1, server: newhiretest.dev.intuitsolutions-apps.net, request: "GET /favicon.ico HTTP/1.1", upstream: "fastcgi://172.21.0.3:9000", host: "newhiretest.dev.intuitsolutions-apps.net", referrer: "https://newhiretest.dev.intuitsolutions-apps.net/get-wistlist-products"
2022/06/02 10:25:19 [error] 29#29: *989 FastCGI sent in stderr: "PHP message: PHP Warning:  Undefined array key "id" in /var/www/index.php on line 39" while reading upstream, client: 172.21.0.1, server: newhiretest.dev.intuitsolutions-apps.net, request: "POST /add-to-wishlist HTTP/1.1", upstream: "fastcgi://172.21.0.3:9000", host: "newhiretest.dev.intuitsolutions-apps.net", referrer: "http://localhost:3000/"
2022/06/02 10:32:16 [error] 31#31: *1022 FastCGI sent in stderr: "PHP message: PHP Fatal error:  Uncaught TypeError: Cannot access offset of type string on string in /var/www/index.php:41
Stack trace:
#0 [internal function]: {closure}()
#1 /var/www/vendor/steampixel/simple-php-router/src/Steampixel/Route.php(103): call_user_func_array(Object(Closure), Array)
#2 /var/www/index.php(54): Steampixel\Route::run('')
#3 {main}
  thrown in /var/www/index.php on line 41" while reading upstream, client: 172.21.0.1, server: newhiretest.dev.intuitsolutions-apps.net, request: "POST /add-to-wishlist HTTP/1.1", upstream: "fastcgi://172.21.0.3:9000", host: "newhiretest.dev.intuitsolutions-apps.net", referrer: "http://localhost:3000/"
2022/06/02 10:32:33 [error] 31#31: *1025 FastCGI sent in stderr: "PHP message: PHP Fatal error:  Uncaught Error: Cannot use object of type stdClass as array in /var/www/index.php:41
Stack trace:
#0 [internal function]: {closure}()
#1 /var/www/vendor/steampixel/simple-php-router/src/Steampixel/Route.php(103): call_user_func_array(Object(Closure), Array)
#2 /var/www/index.php(54): Steampixel\Route::run('')
#3 {main}
  thrown in /var/www/index.php on line 41" while reading upstream, client: 172.21.0.1, server: newhiretest.dev.intuitsolutions-apps.net, request: "POST /add-to-wishlist HTTP/1.1", upstream: "fastcgi://172.21.0.3:9000", host: "newhiretest.dev.intuitsolutions-apps.net", referrer: "http://localhost:3000/"
2022/06/02 10:39:02 [error] 32#32: *1045 FastCGI sent in stderr: "PHP message: PHP Warning:  Undefined array key "name" in /var/www/index.php on line 39" while reading response header from upstream, client: 172.21.0.1, server: newhiretest.dev.intuitsolutions-apps.net, request: "POST /add-to-wishlist HTTP/1.1", upstream: "fastcgi://172.21.0.3:9000", host: "newhiretest.dev.intuitsolutions-apps.net", referrer: "http://localhost:3000/"
2022/06/02 10:39:02 [error] 32#32: *1045 FastCGI sent in stderr: "PHP message: PHP Fatal error:  Uncaught PDOException: SQLSTATE[42000]: Syntax error or access violation: 1064 You have an error in your SQL syntax; check the manual that corresponds to your MySQL server version for the right syntax to use near '(name, product_id) wistlist VALUES (NULL,'915')' at line 1 in /var/www/index.php:43
Stack trace:
#0 /var/www/index.php(43): PDOStatement->execute(Array)
#1 [internal function]: {closure}()
#2 /var/www/vendor/steampixel/simple-php-router/src/Steampixel/Route.php(103): call_user_func_array(Object(Closure), Array)
#3 /var/www/index.php(57): Steampixel\Route::run('')
#4 {main}
  thrown in /var/www/index.php on line 43" while reading upstream, client: 172.21.0.1, server: newhiretest.dev.intuitsolutions-apps.net, request: "POST /add-to-wishlist HTTP/1.1", upstream: "fastcgi://172.21.0.3:9000", host: "newhiretest.dev.intuitsolutions-apps.net", referrer: "http://localhost:3000/"
2022/06/02 10:40:01 [error] 32#32: *1048 FastCGI sent in stderr: "PHP message: PHP Fatal error:  Uncaught PDOException: SQLSTATE[42000]: Syntax error or access violation: 1064 You have an error in your SQL syntax; check the manual that corresponds to your MySQL server version for the right syntax to use near '(name, product_id) wistlist VALUES ('013336-02 Lau DD9-7A Blower Wheel Squirrel ' at line 1 in /var/www/index.php:43
Stack trace:
#0 /var/www/index.php(43): PDOStatement->execute(Array)
#1 [internal function]: {closure}()
#2 /var/www/vendor/steampixel/simple-php-router/src/Steampixel/Route.php(103): call_user_func_array(Object(Closure), Array)
#3 /var/www/index.php(57): Steampixel\Route::run('')
#4 {main}
  thrown in /var/www/index.php on line 43" while reading response header from upstream, client: 172.21.0.1, server: newhiretest.dev.intuitsolutions-apps.net, request: "POST /add-to-wishlist HTTP/1.1", upstream: "fastcgi://172.21.0.3:9000", host: "newhiretest.dev.intuitsolutions-apps.net", referrer: "http://localhost:3000/"
2022/06/02 10:43:00 [error] 32#32: *1060 FastCGI sent in stderr: "PHP message: PHP Fatal error:  Uncaught PDOException: SQLSTATE[42000]: Syntax error or access violation: 1064 You have an error in your SQL syntax; check the manual that corresponds to your MySQL server version for the right syntax to use near '(product_id) wistlist VALUES ('910')' at line 1 in /var/www/index.php:42
Stack trace:
#0 /var/www/index.php(42): PDOStatement->execute(Array)
#1 [internal function]: {closure}()
#2 /var/www/vendor/steampixel/simple-php-router/src/Steampixel/Route.php(103): call_user_func_array(Object(Closure), Array)
#3 /var/www/index.php(56): Steampixel\Route::run('')
#4 {main}
  thrown in /var/www/index.php on line 42" while reading response header from upstream, client: 172.21.0.1, server: newhiretest.dev.intuitsolutions-apps.net, request: "POST /add-to-wishlist HTTP/1.1", upstream: "fastcgi://172.21.0.3:9000", host: "newhiretest.dev.intuitsolutions-apps.net", referrer: "http://localhost:3000/"
2022/06/02 10:44:36 [error] 32#32: *1066 FastCGI sent in stderr: "PHP message: PHP Fatal error:  Uncaught PDOException: SQLSTATE[42000]: Syntax error or access violation: 1064 You have an error in your SQL syntax; check the manual that corresponds to your MySQL server version for the right syntax to use near '(product_id) wistlist VALUES ('910')' at line 1 in /var/www/index.php:42
Stack trace:
#0 /var/www/index.php(42): PDOStatement->execute(Array)
#1 [internal function]: {closure}()
#2 /var/www/vendor/steampixel/simple-php-router/src/Steampixel/Route.php(103): call_user_func_array(Object(Closure), Array)
#3 /var/www/index.php(56): Steampixel\Route::run('')
#4 {main}
  thrown in /var/www/index.php on line 42" while reading response header from upstream, client: 172.21.0.1, server: newhiretest.dev.intuitsolutions-apps.net, request: "POST /add-to-wishlist HTTP/1.1", upstream: "fastcgi://172.21.0.3:9000", host: "newhiretest.dev.intuitsolutions-apps.net", referrer: "http://localhost:3000/"
2022/06/02 10:45:05 [error] 32#32: *1066 FastCGI sent in stderr: "PHP message: PHP Fatal error:  Uncaught PDOException: SQLSTATE[42000]: Syntax error or access violation: 1064 You have an error in your SQL syntax; check the manual that corresponds to your MySQL server version for the right syntax to use near ''product_id' wistlist VALUES ('910')' at line 1 in /var/www/index.php:42
Stack trace:
#0 /var/www/index.php(42): PDOStatement->execute(Array)
#1 [internal function]: {closure}()
#2 /var/www/vendor/steampixel/simple-php-router/src/Steampixel/Route.php(103): call_user_func_array(Object(Closure), Array)
#3 /var/www/index.php(56): Steampixel\Route::run('')
#4 {main}
  thrown in /var/www/index.php on line 42" while reading response header from upstream, client: 172.21.0.1, server: newhiretest.dev.intuitsolutions-apps.net, request: "POST /add-to-wishlist HTTP/1.1", upstream: "fastcgi://172.21.0.3:9000", host: "newhiretest.dev.intuitsolutions-apps.net", referrer: "http://localhost:3000/"
2022/06/02 10:46:00 [error] 32#32: *1066 FastCGI sent in stderr: "PHP message: PHP Warning:  Trying to access array offset on value of type null in /var/www/index.php on line 38" while reading response header from upstream, client: 172.21.0.1, server: newhiretest.dev.intuitsolutions-apps.net, request: "POST /add-to-wishlist HTTP/1.1", upstream: "fastcgi://172.21.0.3:9000", host: "newhiretest.dev.intuitsolutions-apps.net", referrer: "http://localhost:3000/"
2022/06/02 10:46:00 [error] 32#32: *1066 FastCGI sent in stderr: "PHP message: PHP Warning:  Cannot modify header information - headers already sent by (output started at /var/www/index.php:38) in /var/www/index.php on line 16" while reading upstream, client: 172.21.0.1, server: newhiretest.dev.intuitsolutions-apps.net, request: "POST /add-to-wishlist HTTP/1.1", upstream: "fastcgi://172.21.0.3:9000", host: "newhiretest.dev.intuitsolutions-apps.net", referrer: "http://localhost:3000/"
2022/06/02 10:52:32 [error] 32#32: *1077 FastCGI sent in stderr: "PHP message: PHP Fatal error:  Uncaught PDOException: SQLSTATE[HY000]: General error: 1364 Field 'id' doesn't have a default value in /var/www/index.php:42
Stack trace:
#0 /var/www/index.php(42): PDOStatement->execute(Array)
#1 [internal function]: {closure}()
#2 /var/www/vendor/steampixel/simple-php-router/src/Steampixel/Route.php(103): call_user_func_array(Object(Closure), Array)
#3 /var/www/index.php(56): Steampixel\Route::run('')
#4 {main}
  thrown in /var/www/index.php on line 42" while reading response header from upstream, client: 172.21.0.1, server: newhiretest.dev.intuitsolutions-apps.net, request: "POST /add-to-wishlist HTTP/1.1", upstream: "fastcgi://172.21.0.3:9000", host: "newhiretest.dev.intuitsolutions-apps.net", referrer: "http://localhost:3000/"
2022/06/02 11:12:24 [error] 25#25: *1207 FastCGI sent in stderr: "PHP message: PHP Warning:  Undefined array key "key_word" in /var/www/index.php on line 67" while reading upstream, client: 172.21.0.1, server: newhiretest.dev.intuitsolutions-apps.net, request: "GET /search?keyword=Degree HTTP/1.1", upstream: "fastcgi://172.21.0.3:9000", host: "newhiretest.dev.intuitsolutions-apps.net", referrer: "http://localhost:3000/"
2022/06/02 11:12:25 [error] 25#25: *1207 FastCGI sent in stderr: "PHP message: PHP Warning:  Undefined array key "key_word" in /var/www/index.php on line 67" while reading upstream, client: 172.21.0.1, server: newhiretest.dev.intuitsolutions-apps.net, request: "GET /search?keyword=Degree HTTP/1.1", upstream: "fastcgi://172.21.0.3:9000", host: "newhiretest.dev.intuitsolutions-apps.net", referrer: "http://localhost:3000/"
